TN:
SF:src\app.ts
FN:15,createApp
FNF:1
FNH:1
FNDA:4,createApp
DA:1,1
DA:2,1
DA:4,1
DA:5,1
DA:6,1
DA:7,1
DA:8,1
DA:9,1
DA:15,1
DA:16,4
DA:18,4
DA:19,4
DA:22,4
DA:25,4
DA:26,4
DA:27,4
DA:28,4
DA:29,4
DA:32,4
DA:33,4
DA:35,4
DA:36,4
LF:22
LH:22
BRDA:15,0,0,4
BRF:1
BRH:1
end_of_record
TN:
SF:src\lib\access.ts
FN:12,findProject
FN:26,getProjectAccess
FNF:2
FNH:2
FNDA:14,findProject
FNDA:14,getProjectAccess
DA:1,1
DA:12,14
DA:13,14
DA:14,14
DA:15,14
DA:16,14
DA:17,14
DA:26,14
DA:27,14
DA:28,14
DA:29,14
DA:30,3
DA:31,14
DA:32,14
LF:14
LH:14
BRDA:12,0,0,14
BRDA:26,1,0,14
BRDA:28,2,0,1
BRDA:28,3,0,13
BRDA:29,4,0,10
BRDA:29,5,0,3
BRDA:31,6,0,0
BRDA:31,7,0,3
BRF:8
BRH:7
end_of_record
TN:
SF:src\lib\auth.ts
FN:11,hashPassword
FN:16,verifyPassword
FN:27,getSecret
FN:32,signToken
FN:41,verifyToken
FNF:5
FNH:5
FNDA:32,hashPassword
FNDA:4,verifyPassword
FNDA:65,getSecret
FNDA:31,signToken
FNDA:34,verifyToken
DA:1,1
DA:2,1
DA:8,1
DA:11,32
DA:12,32
DA:13,32
DA:16,4
DA:17,4
DA:18,4
DA:27,65
DA:28,65
DA:29,65
DA:32,1
DA:33,31
DA:34,31
DA:35,31
DA:41,1
DA:42,34
DA:43,34
DA:44,0
DA:45,0
DA:46,32
DA:47,32
DA:48,32
DA:49,34
DA:50,34
DA:51,34
LF:27
LH:25
BRDA:11,0,0,32
BRDA:16,1,0,4
BRDA:27,2,0,65
BRDA:28,3,0,0
BRDA:32,4,0,31
BRDA:33,5,0,0
BRDA:41,6,0,34
BRDA:43,7,0,32
BRDA:43,8,0,0
BRDA:45,9,0,32
BRDA:49,10,0,0
BRF:11
BRH:7
end_of_record
TN:
SF:src\lib\http.ts
FN:8,asyncHandler
FNF:1
FNH:1
FNDA:100,asyncHandler
DA:7,1
DA:8,1
DA:9,100
DA:10,34
DA:11,34
DA:17,1
DA:18,1
DA:19,1
DA:20,1
DA:21,1
DA:22,1
DA:23,1
DA:24,1
LF:13
LH:13
BRDA:8,0,0,100
BRDA:9,1,0,34
BRF:2
BRH:2
end_of_record
TN:
SF:src\lib\prisma.ts
FNF:0
FNH:0
DA:1,1
DA:2,1
DA:16,1
DA:18,1
DA:20,1
LF:5
LH:5
BRDA:16,0,0,0
BRF:1
BRH:0
end_of_record
TN:
SF:src\middlewares\authenticate.ts
FN:8,authenticate
FNF:1
FNH:1
FNDA:35,authenticate
DA:2,1
DA:8,1
DA:9,35
DA:10,35
DA:11,3
DA:12,3
DA:14,32
DA:15,32
DA:16,32
DA:17,32
DA:18,32
DA:19,35
DA:20,1
DA:21,1
DA:22,35
LF:15
LH:15
BRDA:8,0,0,35
BRDA:10,1,0,32
BRDA:10,2,0,3
BRDA:12,3,0,32
BRDA:19,4,0,1
BRF:5
BRH:5
end_of_record
TN:
SF:src\middlewares\authorize.ts
FN:9,authorize
FNF:1
FNH:1
FNDA:24,authorize
DA:9,1
DA:10,24
DA:11,6
DA:12,0
DA:13,0
DA:14,6
DA:15,3
DA:16,3
DA:17,3
DA:18,6
DA:19,24
LF:11
LH:9
BRDA:9,0,0,24
BRDA:10,1,0,6
BRDA:11,2,0,0
BRDA:14,3,0,3
BRF:4
BRH:3
end_of_record
TN:
SF:src\middlewares\errorHandler.ts
FN:4,notFound
FN:13,errorHandler
FNF:2
FNH:0
FNDA:0,notFound
FNDA:0,errorHandler
DA:4,1
DA:5,0
DA:6,0
DA:13,1
DA:14,0
DA:15,0
DA:16,0
DA:17,0
DA:18,0
LF:9
LH:2
BRF:0
BRH:0
end_of_record
TN:
SF:src\middlewares\validate.ts
FN:9,validate
FNF:1
FNH:1
FNDA:44,validate
DA:9,1
DA:10,44
DA:11,25
DA:12,25
DA:13,2
DA:14,2
DA:15,2
DA:16,2
DA:17,2
DA:18,2
DA:19,2
DA:20,2
DA:21,23
DA:22,23
DA:23,25
DA:24,44
LF:16
LH:16
BRDA:9,0,0,44
BRDA:10,1,0,25
BRDA:12,2,0,2
BRDA:20,3,0,23
BRDA:15,4,0,2
BRF:5
BRH:5
end_of_record
TN:
SF:src\routes\auth.ts
FNF:0
FNH:0
DA:1,1
DA:2,1
DA:3,1
DA:4,1
DA:5,1
DA:6,1
DA:7,1
DA:9,1
DA:15,1
DA:16,1
DA:17,1
DA:18,1
DA:19,3
DA:21,3
DA:22,3
DA:23,1
DA:24,1
DA:26,2
DA:27,2
DA:28,2
DA:29,2
DA:31,2
DA:32,2
DA:33,1
DA:34,1
DA:40,1
DA:41,1
DA:42,1
DA:43,1
DA:44,3
DA:46,3
DA:47,3
DA:48,2
DA:49,2
DA:51,1
DA:52,1
DA:53,1
DA:54,1
DA:55,1
DA:56,1
DA:57,1
DA:58,1
DA:59,1
DA:60,1
DA:61,1
DA:62,1
DA:63,1
DA:64,1
DA:70,1
DA:71,1
DA:72,1
DA:73,1
DA:74,1
DA:75,1
DA:76,1
DA:77,1
DA:78,1
DA:79,0
DA:80,0
DA:81,1
DA:82,1
DA:83,1
LF:62
LH:60
BRDA:18,0,0,3
BRDA:22,1,0,1
BRDA:24,2,0,2
BRDA:43,3,0,3
BRDA:47,4,0,2
BRDA:49,5,0,1
BRDA:73,6,0,1
BRDA:78,7,0,0
BRF:8
BRH:7
end_of_record
TN:
SF:src\routes\projects.ts
FNF:0
FNH:0
DA:1,1
DA:2,1
DA:3,1
DA:4,1
DA:5,1
DA:6,1
DA:7,1
DA:13,1
DA:16,1
DA:21,1
DA:22,1
DA:23,1
DA:24,1
DA:25,8
DA:26,8
DA:27,8
DA:28,8
DA:29,8
DA:30,8
DA:31,8
DA:32,8
DA:33,1
DA:34,1
DA:41,1
DA:42,1
DA:43,1
DA:44,1
DA:45,1
DA:46,1
DA:48,1
DA:49,1
DA:50,1
DA:51,1
DA:52,1
DA:53,0
DA:54,1
DA:55,1
DA:56,1
DA:57,1
DA:58,1
DA:59,1
DA:60,1
DA:62,1
DA:63,1
DA:64,1
DA:65,1
DA:66,1
DA:67,1
DA:68,1
DA:69,1
DA:70,1
DA:72,1
DA:73,1
DA:74,1
DA:75,1
DA:76,1
DA:77,1
DA:83,1
DA:84,1
DA:85,1
DA:86,2
DA:87,2
DA:88,1
DA:89,1
DA:90,2
DA:91,0
DA:92,0
DA:94,1
DA:95,1
DA:96,1
DA:97,1
DA:98,1
DA:99,1
DA:100,1
DA:101,1
DA:102,1
DA:103,1
DA:104,1
DA:105,1
DA:106,1
DA:107,1
DA:112,1
DA:113,1
DA:114,1
DA:115,1
DA:116,2
DA:117,2
DA:118,0
DA:119,0
DA:120,2
DA:121,1
DA:122,1
DA:124,1
DA:125,1
DA:126,1
DA:127,1
DA:128,1
DA:129,1
DA:130,1
DA:136,1
DA:137,1
DA:138,1
DA:139,2
DA:140,2
DA:141,0
DA:142,0
DA:143,2
DA:144,1
DA:145,1
DA:147,1
DA:148,1
DA:149,1
DA:150,1
DA:151,1
DA:152,1
DA:153,1
DA:158,1
DA:159,1
DA:160,1
DA:161,1
DA:162,0
DA:163,0
DA:164,0
DA:165,0
DA:166,0
DA:167,0
DA:168,0
DA:170,0
DA:171,0
DA:172,0
DA:173,0
DA:175,0
DA:176,0
DA:177,0
DA:178,0
DA:179,0
DA:180,0
DA:182,0
DA:183,0
DA:184,0
DA:185,0
DA:186,0
DA:187,0
DA:188,0
DA:189,0
DA:190,0
DA:191,1
DA:192,1
DA:197,1
DA:198,1
DA:199,1
DA:200,0
DA:201,0
DA:202,0
DA:203,0
DA:204,0
DA:205,0
DA:206,0
DA:208,0
DA:209,0
DA:210,0
DA:211,0
DA:212,0
DA:213,0
DA:214,0
DA:215,0
DA:217,0
DA:218,0
DA:219,0
DA:220,0
DA:221,1
DA:222,1
LF:172
LH:120
BRDA:24,0,0,8
BRDA:43,1,0,1
BRDA:46,2,0,0
BRDA:51,3,0,0
BRDA:52,4,0,0
BRDA:85,5,0,2
BRDA:87,6,0,1
BRDA:90,7,0,0
BRDA:90,8,0,0
BRDA:92,9,0,1
BRDA:115,10,0,2
BRDA:117,11,0,0
BRDA:120,12,0,1
BRDA:120,13,0,1
BRDA:138,14,0,2
BRDA:140,15,0,0
BRDA:143,16,0,1
BRDA:143,17,0,1
BRF:18
BRH:11
end_of_record
TN:
SF:src\routes\tags.ts
FNF:0
FNH:0
DA:1,1
DA:2,1
DA:3,1
DA:4,1
DA:5,1
DA:6,1
DA:7,1
DA:9,1
DA:14,1
DA:15,1
DA:16,1
DA:17,1
DA:18,1
DA:19,1
DA:20,1
DA:25,1
DA:26,1
DA:27,1
DA:28,0
DA:29,0
DA:30,0
DA:31,0
DA:32,0
DA:33,1
DA:34,1
DA:39,1
DA:40,1
DA:41,1
DA:42,1
DA:43,1
DA:44,1
DA:45,1
DA:46,1
DA:47,0
DA:48,0
DA:49,1
DA:50,1
DA:51,1
DA:52,1
DA:57,1
DA:58,1
DA:59,1
DA:60,1
DA:61,1
DA:62,1
DA:63,0
DA:64,0
DA:65,0
DA:66,0
DA:67,0
DA:68,0
DA:69,1
DA:70,1
DA:75,1
DA:76,1
DA:77,1
DA:78,1
DA:79,1
DA:80,0
DA:81,0
DA:82,0
DA:83,0
DA:84,0
DA:85,0
DA:86,1
DA:87,1
LF:66
LH:47
BRDA:16,0,0,1
BRDA:44,1,0,1
BRDA:46,2,0,0
BRF:3
BRH:2
end_of_record
TN:
SF:src\routes\tasks.ts
FN:20,canAccessProject
FNF:1
FNH:1
FNDA:3,canAccessProject
DA:1,1
DA:2,1
DA:3,1
DA:4,1
DA:5,1
DA:6,1
DA:7,1
DA:9,1
DA:11,1
DA:13,1
DA:14,1
DA:15,1
DA:16,1
DA:17,1
DA:20,3
DA:21,3
DA:22,3
DA:23,3
DA:24,3
DA:29,1
DA:30,1
DA:31,1
DA:32,1
DA:33,5
DA:35,5
DA:36,5
DA:37,0
DA:38,0
DA:39,5
DA:40,1
DA:41,1
DA:43,4
DA:44,4
DA:45,4
DA:46,4
DA:47,5
DA:48,5
DA:49,5
DA:50,1
DA:51,3
DA:52,5
DA:53,5
DA:54,5
DA:55,4
DA:56,1
DA:57,1
DA:63,1
DA:64,1
DA:65,1
DA:66,0
DA:67,0
DA:68,0
DA:69,0
DA:71,0
DA:72,0
DA:73,0
DA:74,0
DA:75,0
DA:76,0
DA:77,0
DA:78,0
DA:79,0
DA:80,0
DA:81,0
DA:82,0
DA:84,0
DA:85,0
DA:86,0
DA:87,0
DA:88,0
DA:90,0
DA:91,0
DA:92,0
DA:93,0
DA:94,0
DA:95,0
DA:96,0
DA:97,0
DA:98,0
DA:99,0
DA:101,0
DA:102,0
DA:103,0
DA:104,0
DA:105,1
DA:106,1
DA:111,1
DA:112,1
DA:113,1
DA:114,1
DA:115,1
DA:116,1
DA:117,1
DA:118,1
DA:119,0
DA:120,0
DA:121,1
DA:122,0
DA:123,0
DA:124,1
DA:125,1
DA:126,1
DA:131,1
DA:132,1
DA:133,1
DA:134,1
DA:135,1
DA:136,1
DA:137,0
DA:138,0
DA:139,1
DA:140,0
DA:141,0
DA:143,1
DA:145,1
DA:146,1
DA:147,1
DA:148,1
DA:149,1
DA:150,0
DA:151,0
DA:152,0
DA:153,0
DA:154,0
DA:155,0
DA:156,1
DA:157,1
DA:158,1
DA:159,1
DA:160,1
DA:161,1
DA:162,1
DA:167,1
DA:168,1
DA:169,1
DA:170,1
DA:171,1
DA:172,0
DA:173,0
DA:174,1
DA:175,0
DA:176,0
DA:177,1
DA:178,1
DA:179,1
DA:180,1
LF:146
LH:91
BRDA:20,0,0,3
BRDA:21,1,0,0
BRDA:32,2,0,5
BRDA:36,3,0,0
BRDA:39,4,0,1
BRDA:39,5,0,1
BRDA:41,6,0,4
BRDA:48,7,0,4
BRDA:49,8,0,1
BRDA:49,9,0,1
BRDA:50,10,0,3
BRDA:54,11,0,4
BRDA:50,12,0,1
BRDA:113,13,0,1
BRDA:118,14,0,0
BRDA:121,15,0,0
BRDA:134,16,0,1
BRDA:136,17,0,0
BRDA:139,18,0,0
BRDA:149,19,0,0
BRDA:169,20,0,1
BRDA:171,21,0,0
BRDA:174,22,0,0
BRF:23
BRH:14
end_of_record
TN:
SF:src\routes\users.ts
FNF:0
FNH:0
DA:1,1
DA:2,1
DA:3,1
DA:4,1
DA:5,1
DA:6,1
DA:7,1
DA:8,1
DA:10,1
DA:13,1
DA:19,1
DA:20,1
DA:21,1
DA:22,1
DA:23,1
DA:24,1
DA:25,1
DA:26,1
DA:27,1
DA:28,1
DA:29,1
DA:34,1
DA:35,1
DA:36,1
DA:37,0
DA:38,0
DA:39,0
DA:40,0
DA:41,0
DA:42,0
DA:43,0
DA:44,0
DA:45,1
DA:46,1
DA:52,1
DA:53,1
DA:54,1
DA:55,1
DA:56,0
DA:57,0
DA:58,0
DA:59,0
DA:60,0
DA:61,0
DA:63,0
DA:64,0
DA:65,0
DA:66,0
DA:68,0
DA:74,0
DA:75,0
DA:76,0
DA:77,0
DA:78,0
DA:79,0
DA:81,0
DA:82,0
DA:83,0
DA:84,0
DA:85,0
DA:86,0
DA:87,0
DA:88,0
DA:89,0
DA:90,0
DA:91,1
DA:92,1
DA:98,1
DA:99,1
DA:100,1
DA:101,1
DA:102,1
DA:103,0
DA:104,0
DA:105,0
DA:106,0
DA:107,0
DA:108,0
DA:109,0
DA:110,0
DA:111,0
DA:112,0
DA:113,1
DA:114,1
DA:119,1
DA:120,1
DA:121,1
DA:122,1
DA:123,1
DA:124,1
DA:125,0
DA:126,0
DA:127,1
DA:128,1
DA:129,1
DA:130,1
LF:96
LH:49
BRDA:22,0,0,1
BRDA:122,1,0,1
BRDA:124,2,0,0
BRF:3
BRH:2
end_of_record
TN:
SF:src\schemas\auth.schema.ts
FNF:0
FNH:0
DA:1,1
DA:3,1
DA:4,1
DA:5,1
DA:6,1
DA:7,1
DA:9,1
DA:10,1
DA:11,1
DA:12,1
LF:10
LH:10
BRF:0
BRH:0
end_of_record
TN:
SF:src\schemas\project.schema.ts
FN:13,__vite_ssr_import_0__.z.object.refine.message
FNF:1
FNH:1
FNDA:2,__vite_ssr_import_0__.z.object.refine.message
DA:1,1
DA:3,1
DA:4,1
DA:5,1
DA:6,1
DA:8,1
DA:9,1
DA:10,1
DA:11,1
DA:12,1
DA:13,1
DA:14,1
DA:15,1
DA:17,1
DA:18,1
DA:19,1
DA:20,1
LF:17
LH:17
BRDA:13,0,0,2
BRF:1
BRH:1
end_of_record
TN:
SF:src\schemas\tag.schema.ts
FN:17,__vite_ssr_import_0__.z.object.refine.message
FNF:1
FNH:0
FNDA:0,__vite_ssr_import_0__.z.object.refine.message
DA:1,1
DA:3,1
DA:4,1
DA:5,1
DA:7,1
DA:8,1
DA:9,1
DA:10,1
DA:12,1
DA:13,1
DA:14,1
DA:15,1
DA:16,1
DA:17,1
DA:18,1
DA:19,1
LF:16
LH:16
BRF:0
BRH:0
end_of_record
TN:
SF:src\schemas\task.schema.ts
FN:27,__vite_ssr_import_0__.z.object.refine.message
FNF:1
FNH:1
FNDA:1,__vite_ssr_import_0__.z.object.refine.message
DA:1,1
DA:3,1
DA:4,1
DA:6,1
DA:7,1
DA:8,1
DA:9,1
DA:10,1
DA:11,1
DA:12,1
DA:13,1
DA:14,1
DA:15,1
DA:17,1
DA:18,1
DA:19,1
DA:20,1
DA:21,1
DA:22,1
DA:23,1
DA:24,1
DA:25,1
DA:26,1
DA:27,1
DA:28,1
DA:29,1
LF:26
LH:26
BRDA:27,0,0,1
BRF:1
BRH:1
end_of_record
TN:
SF:src\schemas\user.schema.ts
FN:9,__vite_ssr_import_0__.z.object.refine.message
FNF:1
FNH:0
FNDA:0,__vite_ssr_import_0__.z.object.refine.message
DA:1,1
DA:3,1
DA:4,1
DA:5,1
DA:6,1
DA:7,1
DA:8,1
DA:9,1
DA:10,1
DA:11,1
DA:13,1
DA:14,1
DA:15,1
LF:13
LH:13
BRF:0
BRH:0
end_of_record
